{"level":"info","message":"HTTP Server listening on port: 3000","timestamp":"2018-06-05T11:45:20.935Z"}
{"level":"info","message":"Environment: development","timestamp":"2018-06-05T11:45:20.939Z"}
{"level":"info","message":"HTTP Server listening on port: 3000","timestamp":"2018-06-05T12:10:27.848Z"}
{"level":"info","message":"Environment: development","timestamp":"2018-06-05T12:10:27.852Z"}
{"firstname":"Adam","lastname":"Jensen","age":32,"level":"info","message":"Request body","timestamp":"2018-06-05T12:10:41.070Z"}
{"age":32,"level":"info","message":"New user","timestamp":"2018-06-05T12:10:41.072Z"}
{"level":"info","message":"Request body","timestamp":"2018-06-05T12:11:42.309Z"}
{"level":"info","message":"New user","timestamp":"2018-06-05T12:11:42.310Z"}
{"level":"info","message":"HTTP Server listening on port: 3000","timestamp":"2018-06-05T12:12:13.451Z"}
{"level":"info","message":"Environment: development","timestamp":"2018-06-05T12:12:13.455Z"}
{"level":"info","message":"Request body","timestamp":"2018-06-05T12:58:54.874Z"}
{"level":"info","message":"New user","timestamp":"2018-06-05T12:58:54.876Z"}
{"level":"info","message":"Request body","timestamp":"2018-06-05T12:59:00.564Z"}
{"level":"info","message":"New user","timestamp":"2018-06-05T12:59:00.564Z"}
{"firstname":"Adam","lastname":"Jensen","age":32,"level":"info","message":"Request body","timestamp":"2018-06-05T13:00:23.833Z"}
{"age":32,"level":"info","message":"New user","timestamp":"2018-06-05T13:00:23.833Z"}
{"firstname":"Adam","lastname":"Jensen","age":32,"level":"info","message":"Request body","timestamp":"2018-06-05T13:00:52.520Z"}
{"age":32,"level":"info","message":"New user","timestamp":"2018-06-05T13:00:52.520Z"}
{"firstname":"Adam","lastname":"Jensen","age":32,"level":"info","message":"Request body","timestamp":"2018-06-05T13:02:08.166Z"}
{"age":32,"level":"info","message":"New user","timestamp":"2018-06-05T13:02:08.166Z"}
{"level":"info","message":"Request body","timestamp":"2018-06-05T13:04:09.582Z"}
{"level":"info","message":"New user","timestamp":"2018-06-05T13:04:09.582Z"}
{"level":"info","message":"HTTP Server listening on port: 3000","timestamp":"2018-06-05T13:04:20.139Z"}
{"level":"info","message":"Environment: development","timestamp":"2018-06-05T13:04:20.141Z"}
{"level":"info","message":"Request body","timestamp":"2018-06-05T13:04:29.825Z"}
{"level":"info","message":"New user","timestamp":"2018-06-05T13:04:29.826Z"}
{"firstname":"Adam","lastname":"Jensen","age":32,"level":"info","message":"Request body","timestamp":"2018-06-05T13:04:41.075Z"}
{"age":32,"level":"info","message":"New user","timestamp":"2018-06-05T13:04:41.075Z"}
{"level":"info","message":"HTTP Server listening on port: 3000","timestamp":"2018-06-05T13:10:27.011Z"}
{"level":"info","message":"Environment: development","timestamp":"2018-06-05T13:10:27.013Z"}
{"firstname":"Adam","lastname":"Jensen","age":32,"level":"info","message":"Request body","timestamp":"2018-06-05T13:10:32.864Z"}
{"age":32,"level":"info","message":"New user","timestamp":"2018-06-05T13:10:32.866Z"}
{"firstname":"Adam","lastname":"Jensen","age":32,"level":"info","message":"Request body","timestamp":"2018-06-05T13:10:55.585Z"}
{"age":32,"level":"info","message":"New user","timestamp":"2018-06-05T13:10:55.586Z"}
{"level":"info","message":"HTTP Server listening on port: 3000","timestamp":"2018-06-05T13:12:14.394Z"}
{"level":"info","message":"Environment: development","timestamp":"2018-06-05T13:12:14.399Z"}
{"firstname":"Adam","lastname":"Jensen","age":32,"level":"info","message":"Request body","timestamp":"2018-06-05T13:12:16.744Z"}
{"age":32,"level":"info","message":"New user","timestamp":"2018-06-05T13:12:16.746Z"}
{"firstname":"Adam","lastname":"Jensen","age":32,"level":"info","message":"Request body","timestamp":"2018-06-05T13:12:18.386Z"}
{"age":32,"level":"info","message":"New user","timestamp":"2018-06-05T13:12:18.388Z"}
{"level":"info","message":"HTTP Server listening on port: 3000","timestamp":"2018-06-05T13:12:35.602Z"}
{"level":"info","message":"Environment: development","timestamp":"2018-06-05T13:12:35.607Z"}
{"level":"info","message":"HTTP Server listening on port: 3000","timestamp":"2018-06-05T13:22:48.892Z"}
{"level":"info","message":"Environment: development","timestamp":"2018-06-05T13:22:48.894Z"}
{"firstname":"Adam","lastname":"Jensen","age":32,"level":"info","message":"Request body","timestamp":"2018-06-05T13:22:52.873Z"}
{"age":32,"level":"info","message":"New user","timestamp":"2018-06-05T13:22:52.875Z"}
{"level":"info","message":"HTTP Server listening on port: 3000","timestamp":"2018-06-05T13:23:07.279Z"}
{"level":"info","message":"Environment: development","timestamp":"2018-06-05T13:23:07.282Z"}
{"firstname":"Adam","lastname":"Jensen","age":32,"level":"info","message":"Request body","timestamp":"2018-06-05T13:23:45.506Z"}
{"age":32,"level":"info","message":"New user","timestamp":"2018-06-05T13:23:45.508Z"}
{"level":"info","message":"HTTP Server listening on port: 3000","timestamp":"2018-06-05T13:27:31.058Z"}
{"level":"info","message":"Environment: development","timestamp":"2018-06-05T13:27:31.060Z"}
{"age":32,"level":"info","message":"New user","timestamp":"2018-06-05T13:27:33.719Z"}
{"firstName":"Adam","lastName":"Jensen","age":32,"level":"info","message":"New user","timestamp":"2018-06-05T13:29:10.494Z"}
{"level":"info","message":"HTTP Server listening on port: 3000","timestamp":"2018-06-05T13:36:37.051Z"}
{"level":"info","message":"Environment: development","timestamp":"2018-06-05T13:36:37.053Z"}
{"level":"error","message":"TypeORM error QueryFailedError: column \"email\" contains null values","timestamp":"2018-06-05T13:58:05.591Z"}
{"level":"error","message":"TypeORM error QueryFailedError: column \"email\" contains null values","timestamp":"2018-06-05T13:58:34.389Z"}
{"level":"error","message":"TypeORM error QueryFailedError: column \"email\" contains null values","timestamp":"2018-06-05T13:58:47.801Z"}
{"level":"info","message":"HTTP Server listening on port: 3000","timestamp":"2018-06-05T14:01:00.371Z"}
{"level":"info","message":"Environment: development","timestamp":"2018-06-05T14:01:00.373Z"}
{"level":"info","message":"HTTP Server listening on port: 3000","timestamp":"2018-06-05T14:02:02.941Z"}
{"level":"info","message":"Environment: development","timestamp":"2018-06-05T14:02:02.943Z"}
{"level":"info","message":"HTTP Server listening on port: 3000","timestamp":"2018-06-05T14:13:55.446Z"}
{"level":"info","message":"Environment: development","timestamp":"2018-06-05T14:13:55.448Z"}
{"level":"info","message":"HTTP Server listening on port: 3000","timestamp":"2018-06-05T14:16:11.333Z"}
{"level":"info","message":"Environment: development","timestamp":"2018-06-05T14:16:11.336Z"}
{"level":"info","message":"HTTP Server listening on port: 3000","timestamp":"2018-06-05T14:17:58.706Z"}
{"level":"info","message":"Environment: development","timestamp":"2018-06-05T14:17:58.708Z"}
{"level":"info","message":"HTTP Server listening on port: 3000","timestamp":"2018-06-05T14:18:57.278Z"}
{"level":"info","message":"Environment: development","timestamp":"2018-06-05T14:18:57.281Z"}
{"level":"info","message":"HTTP Server listening on port: 3000","timestamp":"2018-06-05T14:55:36.511Z"}
{"level":"info","message":"Environment: development","timestamp":"2018-06-05T14:55:36.513Z"}
{"level":"info","message":"HTTP Server listening on port: 3000","timestamp":"2018-06-05T14:56:55.097Z"}
{"level":"info","message":"Environment: development","timestamp":"2018-06-05T14:56:55.099Z"}
{"level":"info","message":"HTTP Server listening on port: 3000","timestamp":"2018-06-05T14:58:23.481Z"}
{"level":"info","message":"Environment: development","timestamp":"2018-06-05T14:58:23.484Z"}
[]
[]
{"level":"info","message":"HTTP Server listening on port: 3000","timestamp":"2018-06-05T14:59:14.682Z"}
{"level":"info","message":"Environment: development","timestamp":"2018-06-05T14:59:14.684Z"}
[]
{"level":"info","message":"HTTP Server listening on port: 3000","timestamp":"2018-06-05T15:00:33.599Z"}
{"level":"info","message":"Environment: development","timestamp":"2018-06-05T15:00:33.602Z"}
{"firstName":"A","lastName":"D","age":152,"email":"123","birthDate":"12:23:1994","level":"info","message":"Body: ","timestamp":"2018-06-05T15:00:36.295Z"}
[]
{"level":"info","message":"HTTP Server listening on port: 3000","timestamp":"2018-06-05T15:11:13.134Z"}
{"level":"info","message":"Environment: development","timestamp":"2018-06-05T15:11:13.143Z"}
{"meta":0,"level":"info","message":"Errors: ","timestamp":"2018-06-05T15:11:14.204Z"}
{"level":"info","message":"HTTP Server listening on port: 3000","timestamp":"2018-06-05T15:13:32.099Z"}
{"level":"info","message":"Environment: development","timestamp":"2018-06-05T15:13:32.101Z"}
{"meta":0,"level":"info","message":"Errors: ","timestamp":"2018-06-05T15:13:34.213Z"}
{"level":"info","message":"HTTP Server listening on port: 3000","timestamp":"2018-06-05T15:20:19.746Z"}
{"level":"info","message":"Environment: development","timestamp":"2018-06-05T15:20:19.749Z"}
{"level":"info","message":"HTTP Server listening on port: 3000","timestamp":"2018-06-05T15:23:13.256Z"}
{"level":"info","message":"Environment: development","timestamp":"2018-06-05T15:23:13.258Z"}
{"level":"info","message":"HTTP Server listening on port: 3000","timestamp":"2018-06-05T15:24:15.489Z"}
{"level":"info","message":"Environment: development","timestamp":"2018-06-05T15:24:15.491Z"}
{"level":"info","message":"HTTP Server listening on port: 3000","timestamp":"2018-06-05T15:24:55.136Z"}
{"level":"info","message":"Environment: development","timestamp":"2018-06-05T15:24:55.144Z"}
{"level":"info","message":"HTTP Server listening on port: 3000","timestamp":"2018-06-05T15:27:35.410Z"}
{"level":"info","message":"Environment: development","timestamp":"2018-06-05T15:27:35.413Z"}
{"level":"info","message":"HTTP Server listening on port: 3000","timestamp":"2018-06-05T15:29:19.843Z"}
{"level":"info","message":"Environment: development","timestamp":"2018-06-05T15:29:19.846Z"}
{"level":"info","message":"HTTP Server listening on port: 3000","timestamp":"2018-06-05T15:46:28.694Z"}
{"level":"info","message":"Environment: development","timestamp":"2018-06-05T15:46:28.696Z"}
{"level":"info","message":"HTTP Server listening on port: 3000","timestamp":"2018-06-05T15:49:08.140Z"}
{"level":"info","message":"Environment: development","timestamp":"2018-06-05T15:49:08.142Z"}
{"level":"info","message":"HTTP Server listening on port: 3000","timestamp":"2018-06-05T15:51:46.195Z"}
{"level":"info","message":"Environment: development","timestamp":"2018-06-05T15:51:46.198Z"}
{"level":"info","message":"HTTP Server listening on port: 3000","timestamp":"2018-06-05T15:52:55.679Z"}
{"level":"info","message":"Environment: development","timestamp":"2018-06-05T15:52:55.682Z"}
{"level":"info","message":"HTTP Server listening on port: 3000","timestamp":"2018-06-05T15:53:09.298Z"}
{"level":"info","message":"Environment: development","timestamp":"2018-06-05T15:53:09.300Z"}
{"level":"info","message":"HTTP Server listening on port: 3000","timestamp":"2018-06-05T15:55:42.124Z"}
{"level":"info","message":"Environment: development","timestamp":"2018-06-05T15:55:42.126Z"}
{"level":"info","message":"HTTP Server listening on port: 3000","timestamp":"2018-06-05T15:56:10.132Z"}
{"level":"info","message":"Environment: development","timestamp":"2018-06-05T15:56:10.134Z"}
{"level":"info","message":"HTTP Server listening on port: 3000","timestamp":"2018-06-05T15:57:30.639Z"}
{"level":"info","message":"Environment: development","timestamp":"2018-06-05T15:57:30.642Z"}
{"level":"info","message":"HTTP Server listening on port: 3000","timestamp":"2018-06-05T15:58:04.626Z"}
{"level":"info","message":"Environment: development","timestamp":"2018-06-05T15:58:04.635Z"}
{"level":"info","message":"HTTP Server listening on port: 3000","timestamp":"2018-06-05T15:58:26.781Z"}
{"level":"info","message":"Environment: development","timestamp":"2018-06-05T15:58:26.783Z"}
{"level":"info","message":"HTTP Server listening on port: 3000","timestamp":"2018-06-05T16:00:05.864Z"}
{"level":"info","message":"Environment: development","timestamp":"2018-06-05T16:00:05.866Z"}
{"level":"info","message":"HTTP Server listening on port: 3000","timestamp":"2018-06-05T16:00:34.087Z"}
{"level":"info","message":"Environment: development","timestamp":"2018-06-05T16:00:34.091Z"}
{"level":"info","message":"HTTP Server listening on port: 3000","timestamp":"2018-06-05T16:01:58.028Z"}
{"level":"info","message":"Environment: development","timestamp":"2018-06-05T16:01:58.030Z"}
{"level":"info","message":"HTTP Server listening on port: 3000","timestamp":"2018-06-05T16:02:27.735Z"}
{"level":"info","message":"Environment: development","timestamp":"2018-06-05T16:02:27.742Z"}
{"level":"info","message":"HTTP Server listening on port: 3000","timestamp":"2018-06-05T16:05:38.911Z"}
{"level":"info","message":"Environment: development","timestamp":"2018-06-05T16:05:38.919Z"}
{"level":"info","message":"HTTP Server listening on port: 3000","timestamp":"2018-06-05T16:05:49.453Z"}
{"level":"info","message":"Environment: development","timestamp":"2018-06-05T16:05:49.455Z"}
{"level":"info","message":"HTTP Server listening on port: 3000","timestamp":"2018-06-05T16:11:06.590Z"}
{"level":"info","message":"Environment: development","timestamp":"2018-06-05T16:11:06.593Z"}
{"level":"info","message":"HTTP Server listening on port: 3000","timestamp":"2018-06-05T16:15:14.055Z"}
{"level":"info","message":"Environment: development","timestamp":"2018-06-05T16:15:14.057Z"}
{"level":"info","message":"HTTP Server listening on port: 3000","timestamp":"2018-06-05T16:17:48.441Z"}
{"level":"info","message":"Environment: development","timestamp":"2018-06-05T16:17:48.444Z"}
{"level":"info","message":"HTTP Server listening on port: 3000","timestamp":"2018-06-05T16:18:10.390Z"}
{"level":"info","message":"Environment: development","timestamp":"2018-06-05T16:18:10.394Z"}
{"level":"info","message":"HTTP Server listening on port: 3000","timestamp":"2018-06-05T16:20:15.014Z"}
{"level":"info","message":"Environment: development","timestamp":"2018-06-05T16:20:15.016Z"}
{"level":"info","message":"HTTP Server listening on port: 3000","timestamp":"2018-06-05T16:23:00.543Z"}
{"level":"info","message":"Environment: development","timestamp":"2018-06-05T16:23:00.552Z"}
{"level":"info","message":"HTTP Server listening on port: 3000","timestamp":"2018-06-05T16:24:04.377Z"}
{"level":"info","message":"Environment: development","timestamp":"2018-06-05T16:24:04.380Z"}
{"level":"info","message":"HTTP Server listening on port: 3000","timestamp":"2018-06-05T16:32:43.895Z"}
{"level":"info","message":"Environment: development","timestamp":"2018-06-05T16:32:43.904Z"}
{"level":"info","message":"HTTP Server listening on port: 3000","timestamp":"2018-06-05T16:34:49.388Z"}
{"level":"info","message":"Environment: development","timestamp":"2018-06-05T16:34:49.390Z"}
{"level":"info","message":"HTTP Server listening on port: 3000","timestamp":"2018-06-05T16:37:05.979Z"}
{"level":"info","message":"Environment: development","timestamp":"2018-06-05T16:37:05.981Z"}
{"level":"info","message":"HTTP Server listening on port: 3000","timestamp":"2018-06-05T16:40:16.968Z"}
{"level":"info","message":"Environment: development","timestamp":"2018-06-05T16:40:16.971Z"}
{"level":"info","message":"HTTP Server listening on port: 3000","timestamp":"2018-06-05T16:40:44.594Z"}
{"level":"info","message":"Environment: development","timestamp":"2018-06-05T16:40:44.597Z"}
{"level":"info","message":"HTTP Server listening on port: 3000","timestamp":"2018-06-05T16:46:17.843Z"}
{"level":"info","message":"Environment: development","timestamp":"2018-06-05T16:46:17.845Z"}
